[14:11:43] [main/INFO] (FabricLoader/GameProvider) Loading Minecraft 1.21.11 with Fabric Loader 0.18.4
[14:11:43] [ForkJoinPool-1-worker-1/WARN] (FabricLoader/Metadata) Mod minecad uses the version ${version} which isn't compatible with Loader's extended semantic version format (Could not parse version number component '${version}'!), SemVer is recommended for reliably evaluating dependencies and prioritizing newer version
[14:11:43] [main/WARN] (FabricLoader/Resolution) Mod resolution failed
[14:11:43] [main/INFO] (FabricLoader/Resolution) Immediate reason: [HARD_DEP_NO_CANDIDATE minecad ${version} {depends fabricloader @ [>=${loader_version}]}, ROOT_FORCELOAD_SINGLE minecad ${version}]
[14:11:43] [main/INFO] (FabricLoader/Resolution) Reason: [HARD_DEP minecad ${version} {depends fabricloader @ [>=${loader_version}]}, HARD_DEP minecad ${version} {depends minecraft @ [${minecraft_version}]}]
[14:11:43] [main/INFO] (FabricLoader/Resolution) Fix: add [], remove [], replace [[minecad ${version}] -> add:minecad 1 ([(-∞,∞)])]
[14:11:43] [main/ERROR] (FabricLoader) Incompatible mods found!
net.fabricmc.loader.impl.FormattedException: Some of your mods are incompatible with the game or each other!
A potential solution has been determined, this may resolve your problem:
	 - Replace mod 'MineCAD' (minecad) ${version} with any version that is compatible with:
		 - fabricloader 0.18.4
		 - minecraft 1.21.11
More details:
	 - Mod 'MineCAD' (minecad) ${version} requires version ${loader_version} of mod 'Fabric Loader' (fabricloader), but only the wrong version is present: 0.18.4!
	 - Mod 'MineCAD' (minecad) ${version} requires version ${minecraft_version} of 'Minecraft' (minecraft), but only the wrong version is present: 1.21.11!
	at net.fabricmc.loader.impl.FormattedException.ofLocalized(FormattedException.java:51)
	at net.fabricmc.loader.impl.FabricLoaderImpl.load(FabricLoaderImpl.java:202)
	at net.fabricmc.loader.impl.launch.knot.Knot.init(Knot.java:142)
	at net.fabricmc.loader.impl.launch.knot.Knot.launch(Knot.java:66)
	at net.fabricmc.loader.impl.launch.knot.KnotClient.main(KnotClient.java:23)
	at net.fabricmc.devlaunchinjector.Main.main(Main.java:86)
